<?xml version="1.0" encoding="UTF-8"?>
<!-- Generated by org.testng.reporters.JUnitXMLReporter -->
<testsuite ignored="0" hostname="LAPTOP-6UF6IA95" failures="1" tests="4" name="Functional Test" time="62.278" errors="0" timestamp="2020-08-20T15:57:40 IST">
  <testcase classname="com.wipro.training.Registrationdemo" name="registrationLogin" time="0.455">
    <failure type="org.testng.internal.reflect.MethodMatcherException" message="
[public void com.wipro.training.Registrationdemo.registrationLogin(java.lang.String,java.lang.String,java.lang.String,java.lang.String,java.lang.String)] has no parameters defined but was found to be using a data provider (either explicitly specified or inherited from class level annotation).
Data provider mismatch
Method: registrationLogin([Parameter{index=0, type=java.lang.String, declaredAnnotations=[]}, Parameter{index=1, type=java.lang.String, declaredAnnotations=[]}, Parameter{index=2, type=java.lang.String, declaredAnnotations=[]}, Parameter{index=3, type=java.lang.String, declaredAnnotations=[]}, Parameter{index=4, type=java.lang.String, declaredAnnotations=[]}])
Arguments: [(java.lang.String) Nikhil12,(java.lang.String) Nikhil,(java.lang.String) Kumar,(java.lang.String) kr.nikhil16@gmail.com]">
      <![CDATA[org.testng.internal.reflect.MethodMatcherException: 
[public void com.wipro.training.Registrationdemo.registrationLogin(java.lang.String,java.lang.String,java.lang.String,java.lang.String,java.lang.String)] has no parameters defined but was found to be using a data provider (either explicitly specified or inherited from class level annotation).
Data provider mismatch
Method: registrationLogin([Parameter{index=0, type=java.lang.String, declaredAnnotations=[]}, Parameter{index=1, type=java.lang.String, declaredAnnotations=[]}, Parameter{index=2, type=java.lang.String, declaredAnnotations=[]}, Parameter{index=3, type=java.lang.String, declaredAnnotations=[]}, Parameter{index=4, type=java.lang.String, declaredAnnotations=[]}])
Arguments: [(java.lang.String) Nikhil12,(java.lang.String) Nikhil,(java.lang.String) Kumar,(java.lang.String) kr.nikhil16@gmail.com]
at java.base/java.util.ArrayList.forEach(ArrayList.java:1540)
... Removed 22 stack frames]]>
    </failure>
  </testcase> <!-- registrationLogin -->
  <testcase classname="com.wipro.training.Login" name="testLogin" time="3.307"/>
  <testcase classname="com.wipro.training.Login" name="testLogin" time="2.017"/>
  <testcase classname="com.wipro.training.ValidateTitle" name="Title" time="0.155"/>
</testsuite> <!-- Functional Test -->
