<?xml version="1.0" encoding="UTF-8"?>
<!-- Generated by org.testng.reporters.JUnitXMLReporter -->
<testsuite ignored="0" hostname="LAPTOP-6UF6IA95" failures="1" tests="1" name="Registration Test" time="26.165" errors="0" timestamp="2020-08-25T16:06:11 IST">
  <testcase classname="com.wipro.training.Registrationdemo" name="registrationLogin" time="0.069">
    <failure type="org.testng.internal.reflect.MethodMatcherException" message="
[public void com.wipro.training.Registrationdemo.registrationLogin(java.lang.String,java.lang.String,java.lang.String,java.lang.String,java.lang.String)] has no parameters defined but was found to be using a data provider (either explicitly specified or inherited from class level annotation).
Data provider mismatch
Method: registrationLogin([Parameter{index=0, type=java.lang.String, declaredAnnotations=[]}, Parameter{index=1, type=java.lang.String, declaredAnnotations=[]}, Parameter{index=2, type=java.lang.String, declaredAnnotations=[]}, Parameter{index=3, type=java.lang.String, declaredAnnotations=[]}, Parameter{index=4, type=java.lang.String, declaredAnnotations=[]}])
Arguments: [(java.lang.String) Nikhil12,(java.lang.String) Nikhil,(java.lang.String) Kumar,(java.lang.String) kr.nikhil16@gmail.com]">
      <![CDATA[org.testng.internal.reflect.MethodMatcherException: 
[public void com.wipro.training.Registrationdemo.registrationLogin(java.lang.String,java.lang.String,java.lang.String,java.lang.String,java.lang.String)] has no parameters defined but was found to be using a data provider (either explicitly specified or inherited from class level annotation).
Data provider mismatch
Method: registrationLogin([Parameter{index=0, type=java.lang.String, declaredAnnotations=[]}, Parameter{index=1, type=java.lang.String, declaredAnnotations=[]}, Parameter{index=2, type=java.lang.String, declaredAnnotations=[]}, Parameter{index=3, type=java.lang.String, declaredAnnotations=[]}, Parameter{index=4, type=java.lang.String, declaredAnnotations=[]}])
Arguments: [(java.lang.String) Nikhil12,(java.lang.String) Nikhil,(java.lang.String) Kumar,(java.lang.String) kr.nikhil16@gmail.com]
at java.base/java.util.ArrayList.forEach(ArrayList.java:1540)
... Removed 22 stack frames]]>
    </failure>
  </testcase> <!-- registrationLogin -->
</testsuite> <!-- Registration Test -->
